<?xml version="1.0" encoding="UTF-8"?>
<robot generator="Robot 4.1 (Python 3.6.9 on linux)" generated="20210821 13:37:52.134" rpa="false" schemaversion="2">
<suite id="s1" name="Validator Tests" source="/home/ubuntu/environment/tests/validator_tests.robot">
<test id="s1-t1" name="Invalid Phone Number">
<kw name="Open Browser To Request Page">
<kw name="Open Browser" library="SeleniumLibrary">
<arg>${REQUEST URL}</arg>
<arg>${BROWSER}</arg>
<doc>Opens a new browser instance to the optional ``url``.</doc>
<msg timestamp="20210821 13:37:52.335" level="INFO">Opening browser 'Firefox' to base url 'http://localhost:8080/order/'.</msg>
<msg timestamp="20210821 13:37:52.336" level="INFO">Firefox driver log is always forced to to: /home/ubuntu/environment/tests/geckodriver-17.log</msg>
<status status="PASS" starttime="20210821 13:37:52.335" endtime="20210821 13:37:57.280"/>
</kw>
<kw name="Maximize Browser Window" library="SeleniumLibrary">
<doc>Maximizes current browser window.</doc>
<status status="PASS" starttime="20210821 13:37:57.281" endtime="20210821 13:37:57.306"/>
</kw>
<kw name="Set Selenium Speed" library="SeleniumLibrary">
<arg>${DELAY}</arg>
<doc>Sets the delay that is waited after each Selenium command.</doc>
<status status="PASS" starttime="20210821 13:37:57.306" endtime="20210821 13:37:57.307"/>
</kw>
<kw name="Request Page Should Be Open">
<kw name="Title Should Be" library="SeleniumLibrary">
<arg>Request charger</arg>
<doc>Verifies that the current page title equals ``title``.</doc>
<msg timestamp="20210821 13:37:57.311" level="INFO">Page title is 'Request charger'.</msg>
<status status="PASS" starttime="20210821 13:37:57.308" endtime="20210821 13:37:57.311"/>
</kw>
<status status="PASS" starttime="20210821 13:37:57.307" endtime="20210821 13:37:57.311"/>
</kw>
<status status="PASS" starttime="20210821 13:37:52.334" endtime="20210821 13:37:57.311"/>
</kw>
<kw name="Input Phone Number">
<arg>${INVALID PHONE NUMBER}</arg>
<kw name="Input Text" library="SeleniumLibrary">
<arg>phone_number</arg>
<arg>${phone_number}</arg>
<doc>Types the given ``text`` into the text field identified by ``locator``.</doc>
<msg timestamp="20210821 13:37:57.314" level="INFO">Typing text '061234567a' into text field 'phone_number'.</msg>
<status status="PASS" starttime="20210821 13:37:57.313" endtime="20210821 13:37:57.417"/>
</kw>
<status status="PASS" starttime="20210821 13:37:57.312" endtime="20210821 13:37:57.417"/>
</kw>
<kw name="Submit Request">
<kw name="Click Button" library="SeleniumLibrary">
<arg>submit_request</arg>
<doc>Clicks the button identified by ``locator``.</doc>
<msg timestamp="20210821 13:37:57.419" level="INFO">Clicking button 'submit_request'.</msg>
<status status="PASS" starttime="20210821 13:37:57.419" endtime="20210821 13:37:57.655"/>
</kw>
<status status="PASS" starttime="20210821 13:37:57.418" endtime="20210821 13:37:57.655"/>
</kw>
<kw name="Request Page Should Be Open">
<kw name="Title Should Be" library="SeleniumLibrary">
<arg>Request charger</arg>
<doc>Verifies that the current page title equals ``title``.</doc>
<msg timestamp="20210821 13:37:57.658" level="INFO">Page title is 'Request charger'.</msg>
<status status="PASS" starttime="20210821 13:37:57.656" endtime="20210821 13:37:57.658"/>
</kw>
<status status="PASS" starttime="20210821 13:37:57.656" endtime="20210821 13:37:57.658"/>
</kw>
<kw name="Error Message Is Visible">
<kw name="Element Should Contain" library="SeleniumLibrary">
<arg>id:invalid-phone-number</arg>
<arg>${ERROR MESSAGE}</arg>
<doc>Verifies that element ``locator`` contains text ``expected``.</doc>
<msg timestamp="20210821 13:37:57.722" level="INFO">Element 'id:invalid-phone-number' contains text 'Please enter a valid phone number for shipping updates.'.</msg>
<status status="PASS" starttime="20210821 13:37:57.660" endtime="20210821 13:37:57.722"/>
</kw>
<status status="PASS" starttime="20210821 13:37:57.659" endtime="20210821 13:37:57.723"/>
</kw>
<kw name="Close Browser" library="SeleniumLibrary" type="TEARDOWN">
<doc>Closes the current browser.</doc>
<status status="PASS" starttime="20210821 13:37:57.723" endtime="20210821 13:37:58.718"/>
</kw>
<status status="PASS" starttime="20210821 13:37:52.332" endtime="20210821 13:37:58.718"/>
</test>
<test id="s1-t2" name="Valid Phone Number">
<kw name="Open Browser To Request Page">
<kw name="Open Browser" library="SeleniumLibrary">
<arg>${REQUEST URL}</arg>
<arg>${BROWSER}</arg>
<doc>Opens a new browser instance to the optional ``url``.</doc>
<msg timestamp="20210821 13:37:58.723" level="INFO">Opening browser 'Firefox' to base url 'http://localhost:8080/order/'.</msg>
<msg timestamp="20210821 13:37:58.723" level="INFO">Firefox driver log is always forced to to: /home/ubuntu/environment/tests/geckodriver-18.log</msg>
<status status="PASS" starttime="20210821 13:37:58.722" endtime="20210821 13:38:03.723"/>
</kw>
<kw name="Maximize Browser Window" library="SeleniumLibrary">
<doc>Maximizes current browser window.</doc>
<status status="PASS" starttime="20210821 13:38:03.724" endtime="20210821 13:38:03.728"/>
</kw>
<kw name="Set Selenium Speed" library="SeleniumLibrary">
<arg>${DELAY}</arg>
<doc>Sets the delay that is waited after each Selenium command.</doc>
<status status="PASS" starttime="20210821 13:38:03.729" endtime="20210821 13:38:03.729"/>
</kw>
<kw name="Request Page Should Be Open">
<kw name="Title Should Be" library="SeleniumLibrary">
<arg>Request charger</arg>
<doc>Verifies that the current page title equals ``title``.</doc>
<msg timestamp="20210821 13:38:03.736" level="INFO">Page title is 'Request charger'.</msg>
<status status="PASS" starttime="20210821 13:38:03.730" endtime="20210821 13:38:03.736"/>
</kw>
<status status="PASS" starttime="20210821 13:38:03.729" endtime="20210821 13:38:03.737"/>
</kw>
<status status="PASS" starttime="20210821 13:37:58.722" endtime="20210821 13:38:03.737"/>
</kw>
<kw name="Input Phone Number">
<arg>${VALID PHONE NUMBER}</arg>
<kw name="Input Text" library="SeleniumLibrary">
<arg>phone_number</arg>
<arg>${phone_number}</arg>
<doc>Types the given ``text`` into the text field identified by ``locator``.</doc>
<msg timestamp="20210821 13:38:03.742" level="INFO">Typing text '0612345678' into text field 'phone_number'.</msg>
<status status="PASS" starttime="20210821 13:38:03.742" endtime="20210821 13:38:03.902"/>
</kw>
<status status="PASS" starttime="20210821 13:38:03.741" endtime="20210821 13:38:03.902"/>
</kw>
<kw name="Submit Request">
<kw name="Click Button" library="SeleniumLibrary">
<arg>submit_request</arg>
<doc>Clicks the button identified by ``locator``.</doc>
<msg timestamp="20210821 13:38:03.904" level="INFO">Clicking button 'submit_request'.</msg>
<status status="PASS" starttime="20210821 13:38:03.904" endtime="20210821 13:38:04.163"/>
</kw>
<status status="PASS" starttime="20210821 13:38:03.903" endtime="20210821 13:38:04.163"/>
</kw>
<kw name="Success Page Should Be Open">
<kw name="Location Should Be" library="SeleniumLibrary">
<arg>${SUCCESS URL}</arg>
<doc>Verifies that the current URL is exactly ``url``.</doc>
<msg timestamp="20210821 13:38:04.167" level="INFO">Current location is 'http://localhost:8080/order/'.</msg>
<status status="PASS" starttime="20210821 13:38:04.164" endtime="20210821 13:38:04.167"/>
</kw>
<kw name="Title Should Be" library="SeleniumLibrary">
<arg>Success</arg>
<doc>Verifies that the current page title equals ``title``.</doc>
<msg timestamp="20210821 13:38:04.172" level="INFO">Page title is 'Success'.</msg>
<status status="PASS" starttime="20210821 13:38:04.168" endtime="20210821 13:38:04.172"/>
</kw>
<status status="PASS" starttime="20210821 13:38:04.164" endtime="20210821 13:38:04.172"/>
</kw>
<kw name="Close Browser" library="SeleniumLibrary" type="TEARDOWN">
<doc>Closes the current browser.</doc>
<status status="PASS" starttime="20210821 13:38:04.175" endtime="20210821 13:38:05.147"/>
</kw>
<status status="PASS" starttime="20210821 13:37:58.720" endtime="20210821 13:38:05.148"/>
</test>
<doc>Test suite for charger request page

This test has a workflow that is created using keywords in
the imported resource file.</doc>
<status status="PASS" starttime="20210821 13:37:52.135" endtime="20210821 13:38:05.151"/>
</suite>
<statistics>
<total>
<stat pass="2" fail="0" skip="0">All Tests</stat>
</total>
<tag>
</tag>
<suite>
<stat pass="2" fail="0" skip="0" id="s1" name="Validator Tests">Validator Tests</stat>
</suite>
</statistics>
<errors>
</errors>
</robot>
