<?xml version="1.0" encoding="UTF-8"?>
<robot generator="Robot 4.1 (Python 3.6.9 on linux)" generated="20210822 09:15:43.356" rpa="false" schemaversion="2">
<suite id="s1" name="Validator Tests" source="/home/ubuntu/environment/uat/validator_tests.robot">
<test id="s1-t1" name="Invalid Phone Number">
<kw name="Open Browser To Request Page">
<kw name="Open Browser" library="SeleniumLibrary">
<arg>${REQUEST URL}</arg>
<arg>${BROWSER}</arg>
<doc>Opens a new browser instance to the optional ``url``.</doc>
<msg timestamp="20210822 09:15:43.777" level="INFO">Opening browser 'Firefox' to base url 'http://localhost:8080/order/'.</msg>
<msg timestamp="20210822 09:15:43.778" level="INFO">Firefox driver log is always forced to to: /home/ubuntu/environment/uat/geckodriver-27.log</msg>
<kw name="Capture Page Screenshot" library="SeleniumLibrary">
<doc>Takes a screenshot of the current page and embeds it into a log file.</doc>
<msg timestamp="20210822 09:15:44.912" level="INFO">Cannot capture screenshot because no browser is open.</msg>
<status status="PASS" starttime="20210822 09:15:44.912" endtime="20210822 09:15:44.913"/>
</kw>
<msg timestamp="20210822 09:15:44.922" level="FAIL">WebDriverException: Message: Process unexpectedly closed with status 1
</msg>
<status status="FAIL" starttime="20210822 09:15:43.776" endtime="20210822 09:15:44.922"/>
</kw>
<kw name="Maximize Browser Window" library="SeleniumLibrary">
<doc>Maximizes current browser window.</doc>
<status status="NOT RUN" starttime="20210822 09:15:44.922" endtime="20210822 09:15:44.923"/>
</kw>
<kw name="Set Selenium Speed" library="SeleniumLibrary">
<arg>${DELAY}</arg>
<doc>Sets the delay that is waited after each Selenium command.</doc>
<status status="NOT RUN" starttime="20210822 09:15:44.923" endtime="20210822 09:15:44.923"/>
</kw>
<kw name="Request Page Should Be Open">
<status status="NOT RUN" starttime="20210822 09:15:44.923" endtime="20210822 09:15:44.923"/>
</kw>
<status status="FAIL" starttime="20210822 09:15:43.776" endtime="20210822 09:15:44.924"/>
</kw>
<kw name="Input Phone Number">
<arg>${INVALID PHONE NUMBER}</arg>
<status status="NOT RUN" starttime="20210822 09:15:44.924" endtime="20210822 09:15:44.925"/>
</kw>
<kw name="Submit Request">
<status status="NOT RUN" starttime="20210822 09:15:44.925" endtime="20210822 09:15:44.925"/>
</kw>
<kw name="Request Page Should Be Open">
<status status="NOT RUN" starttime="20210822 09:15:44.925" endtime="20210822 09:15:44.926"/>
</kw>
<kw name="Error Message Is Visible">
<status status="NOT RUN" starttime="20210822 09:15:44.926" endtime="20210822 09:15:44.926"/>
</kw>
<kw name="Close Browser" library="SeleniumLibrary" type="TEARDOWN">
<doc>Closes the current browser.</doc>
<status status="PASS" starttime="20210822 09:15:44.927" endtime="20210822 09:15:44.927"/>
</kw>
<status status="FAIL" starttime="20210822 09:15:43.774" endtime="20210822 09:15:44.927">WebDriverException: Message: Process unexpectedly closed with status 1
</status>
</test>
<test id="s1-t2" name="Valid Phone Number">
<kw name="Open Browser To Request Page">
<kw name="Open Browser" library="SeleniumLibrary">
<arg>${REQUEST URL}</arg>
<arg>${BROWSER}</arg>
<doc>Opens a new browser instance to the optional ``url``.</doc>
<msg timestamp="20210822 09:15:44.932" level="INFO">Opening browser 'Firefox' to base url 'http://localhost:8080/order/'.</msg>
<msg timestamp="20210822 09:15:44.932" level="INFO">Firefox driver log is always forced to to: /home/ubuntu/environment/uat/geckodriver-28.log</msg>
<kw name="Capture Page Screenshot" library="SeleniumLibrary">
<doc>Takes a screenshot of the current page and embeds it into a log file.</doc>
<msg timestamp="20210822 09:15:46.047" level="INFO">Cannot capture screenshot because no browser is open.</msg>
<status status="PASS" starttime="20210822 09:15:46.046" endtime="20210822 09:15:46.047"/>
</kw>
<msg timestamp="20210822 09:15:46.048" level="FAIL">WebDriverException: Message: Process unexpectedly closed with status 1
</msg>
<status status="FAIL" starttime="20210822 09:15:44.931" endtime="20210822 09:15:46.048"/>
</kw>
<kw name="Maximize Browser Window" library="SeleniumLibrary">
<doc>Maximizes current browser window.</doc>
<status status="NOT RUN" starttime="20210822 09:15:46.048" endtime="20210822 09:15:46.048"/>
</kw>
<kw name="Set Selenium Speed" library="SeleniumLibrary">
<arg>${DELAY}</arg>
<doc>Sets the delay that is waited after each Selenium command.</doc>
<status status="NOT RUN" starttime="20210822 09:15:46.048" endtime="20210822 09:15:46.048"/>
</kw>
<kw name="Request Page Should Be Open">
<status status="NOT RUN" starttime="20210822 09:15:46.049" endtime="20210822 09:15:46.049"/>
</kw>
<status status="FAIL" starttime="20210822 09:15:44.931" endtime="20210822 09:15:46.049"/>
</kw>
<kw name="Input Phone Number">
<arg>${VALID PHONE NUMBER}</arg>
<status status="NOT RUN" starttime="20210822 09:15:46.050" endtime="20210822 09:15:46.050"/>
</kw>
<kw name="Submit Request">
<status status="NOT RUN" starttime="20210822 09:15:46.051" endtime="20210822 09:15:46.051"/>
</kw>
<kw name="Success Page Should Be Open">
<status status="NOT RUN" starttime="20210822 09:15:46.051" endtime="20210822 09:15:46.051"/>
</kw>
<kw name="Close Browser" library="SeleniumLibrary" type="TEARDOWN">
<doc>Closes the current browser.</doc>
<status status="PASS" starttime="20210822 09:15:46.052" endtime="20210822 09:15:46.052"/>
</kw>
<status status="FAIL" starttime="20210822 09:15:44.930" endtime="20210822 09:15:46.053">WebDriverException: Message: Process unexpectedly closed with status 1
</status>
</test>
<doc>Test suite for charger request page

This test has a workflow that is created using keywords in
the imported resource file.</doc>
<status status="FAIL" starttime="20210822 09:15:43.357" endtime="20210822 09:15:46.056"/>
</suite>
<statistics>
<total>
<stat pass="0" fail="2" skip="0">All Tests</stat>
</total>
<tag>
</tag>
<suite>
<stat pass="0" fail="2" skip="0" id="s1" name="Validator Tests">Validator Tests</stat>
</suite>
</statistics>
<errors>
</errors>
</robot>
